C:\Program Files (x86)\Microsoft Visual Studio\2019\Enterprise\MSBuild\Microsoft\VC\v160\Microsoft.CppBuild.targets(513,5): warning MSB8028: The intermediate directory (Debug\) contains files shared from another project (Win32SimpleSample.vcxproj).  This can lead to incorrect clean and rebuild behavior.
  Game.cpp
D:\LocalWorkDir\1801006\Github\WFFC-Edit\WOFFCEdit\Game.cpp(28,20): warning C4305: '=': truncation from 'double' to 'float'
D:\LocalWorkDir\1801006\Github\WFFC-Edit\WOFFCEdit\Game.cpp(170,66): warning C4244: '=': conversion from 'double' to 'float', possible loss of data
D:\LocalWorkDir\1801006\Github\WFFC-Edit\WOFFCEdit\Game.cpp(172,28): warning C4244: '=': conversion from 'double' to 'float', possible loss of data
D:\LocalWorkDir\1801006\Github\WFFC-Edit\WOFFCEdit\Game.cpp(174,66): warning C4244: '=': conversion from 'double' to 'float', possible loss of data
D:\LocalWorkDir\1801006\Github\WFFC-Edit\WOFFCEdit\Game.cpp(326,57): warning C4244: 'argument': conversion from 'double' to 'float', possible loss of data
D:\LocalWorkDir\1801006\Github\WFFC-Edit\WOFFCEdit\Game.cpp(325,57): warning C4244: 'argument': conversion from 'double' to 'float', possible loss of data
D:\LocalWorkDir\1801006\Github\WFFC-Edit\WOFFCEdit\Game.cpp(324,97): warning C4244: 'argument': conversion from 'double' to 'float', possible loss of data
D:\LocalWorkDir\1801006\Github\WFFC-Edit\WOFFCEdit\Game.cpp(310,10): warning C4101: 'Buffer': unreferenced local variable
D:\LocalWorkDir\1801006\Github\WFFC-Edit\WOFFCEdit\Game.cpp(433,21): warning C4018: '<': signed/unsigned mismatch
D:\LocalWorkDir\1801006\Github\WFFC-Edit\WOFFCEdit\Game.cpp(436,22): warning C4018: '<': signed/unsigned mismatch
D:\LocalWorkDir\1801006\Github\WFFC-Edit\WOFFCEdit\Game.cpp(447,21): warning C4018: '<': signed/unsigned mismatch
D:\LocalWorkDir\1801006\Github\WFFC-Edit\WOFFCEdit\Game.cpp(602,82): warning C4244: 'argument': conversion from 'int' to 'float', possible loss of data
D:\LocalWorkDir\1801006\Github\WFFC-Edit\WOFFCEdit\Game.cpp(602,57): warning C4244: 'argument': conversion from 'int' to 'float', possible loss of data
D:\LocalWorkDir\1801006\Github\WFFC-Edit\WOFFCEdit\Game.cpp(603,81): warning C4244: 'argument': conversion from 'int' to 'float', possible loss of data
D:\LocalWorkDir\1801006\Github\WFFC-Edit\WOFFCEdit\Game.cpp(603,56): warning C4244: 'argument': conversion from 'int' to 'float', possible loss of data
D:\LocalWorkDir\1801006\Github\WFFC-Edit\WOFFCEdit\Game.cpp(606,20): warning C4018: '<': signed/unsigned mismatch
D:\LocalWorkDir\1801006\Github\WFFC-Edit\WOFFCEdit\Game.cpp(616,45): warning C4244: 'argument': conversion from 'double' to 'float', possible loss of data
D:\LocalWorkDir\1801006\Github\WFFC-Edit\WOFFCEdit\Game.cpp(615,45): warning C4244: 'argument': conversion from 'double' to 'float', possible loss of data
D:\LocalWorkDir\1801006\Github\WFFC-Edit\WOFFCEdit\Game.cpp(614,98): warning C4244: 'argument': conversion from 'double' to 'float', possible loss of data
D:\LocalWorkDir\1801006\Github\WFFC-Edit\WOFFCEdit\Game.cpp(620,111): warning C4244: 'argument': conversion from 'LONG' to 'float', possible loss of data
D:\LocalWorkDir\1801006\Github\WFFC-Edit\WOFFCEdit\Game.cpp(620,85): warning C4244: 'argument': conversion from 'LONG' to 'float', possible loss of data
D:\LocalWorkDir\1801006\Github\WFFC-Edit\WOFFCEdit\Game.cpp(621,109): warning C4244: 'argument': conversion from 'LONG' to 'float', possible loss of data
D:\LocalWorkDir\1801006\Github\WFFC-Edit\WOFFCEdit\Game.cpp(621,83): warning C4244: 'argument': conversion from 'LONG' to 'float', possible loss of data
D:\LocalWorkDir\1801006\Github\WFFC-Edit\WOFFCEdit\Game.cpp(628,21): warning C4018: '<': signed/unsigned mismatch
D:\LocalWorkDir\1801006\Github\WFFC-Edit\WOFFCEdit\Game.cpp(650,24): warning C4018: '<': signed/unsigned mismatch
D:\LocalWorkDir\1801006\Github\WFFC-Edit\WOFFCEdit\Game.cpp(666,25): warning C4018: '<': signed/unsigned mismatch
  Win32SimpleSample.vcxproj -> D:\LocalWorkDir\1801006\Github\WFFC-Edit\WOFFCEdit\Debug\WoFEdit.exe
