\\stuhomeeven\homedrive6$\1801006\github\wffc-edit\woffcedit\debug\vc142.pdb
\\stuhomeeven\homedrive6$\1801006\github\wffc-edit\woffcedit\debug\vc142.idb
\\stuhomeeven\homedrive6$\1801006\github\wffc-edit\woffcedit\debug\toolmain.obj
\\stuhomeeven\homedrive6$\1801006\github\wffc-edit\woffcedit\debug\selectdialogue.obj
\\stuhomeeven\homedrive6$\1801006\github\wffc-edit\woffcedit\debug\sceneobject.obj
\\stuhomeeven\homedrive6$\1801006\github\wffc-edit\woffcedit\debug\mfcmain.obj
\\stuhomeeven\homedrive6$\1801006\github\wffc-edit\woffcedit\debug\pch.obj
\\stuhomeeven\homedrive6$\1801006\github\wffc-edit\woffcedit\debug\mfcrenderframe.obj
\\stuhomeeven\homedrive6$\1801006\github\wffc-edit\woffcedit\debug\mfcframe.obj
\\stuhomeeven\homedrive6$\1801006\github\wffc-edit\woffcedit\debug\main.obj
\\stuhomeeven\homedrive6$\1801006\github\wffc-edit\woffcedit\debug\game.obj
\\stuhomeeven\homedrive6$\1801006\github\wffc-edit\woffcedit\debug\displayobject.obj
\\stuhomeeven\homedrive6$\1801006\github\wffc-edit\woffcedit\debug\displaychunk.obj
\\stuhomeeven\homedrive6$\1801006\github\wffc-edit\woffcedit\debug\deviceresources.obj
\\stuhomeeven\homedrive6$\1801006\github\wffc-edit\woffcedit\debug\deletecommand.obj
\\stuhomeeven\homedrive6$\1801006\github\wffc-edit\woffcedit\debug\commands.obj
\\stuhomeeven\homedrive6$\1801006\github\wffc-edit\woffcedit\debug\chunkobject.obj
\\stuhomeeven\homedrive6$\1801006\github\wffc-edit\woffcedit\debug\sqlite3.obj
\\stuhomeeven\homedrive6$\1801006\github\wffc-edit\woffcedit\debug\createcommand.obj
\\stuhomeeven\homedrive6$\1801006\github\wffc-edit\woffcedit\debug\win32simplesample.res
\\stuhomeeven\homedrive6$\1801006\github\wffc-edit\woffcedit\debug\wofedit.pdb
\\stuhomeeven\homedrive6$\1801006\github\wffc-edit\woffcedit\debug\wofedit.tlog\cl.command.1.tlog
\\stuhomeeven\homedrive6$\1801006\github\wffc-edit\woffcedit\debug\wofedit.tlog\cl.read.1.tlog
\\stuhomeeven\homedrive6$\1801006\github\wffc-edit\woffcedit\debug\wofedit.tlog\cl.write.1.tlog
\\stuhomeeven\homedrive6$\1801006\github\wffc-edit\woffcedit\debug\wofedit.tlog\link-cvtres.read.1.tlog
\\stuhomeeven\homedrive6$\1801006\github\wffc-edit\woffcedit\debug\wofedit.tlog\link-cvtres.write.1.tlog
\\stuhomeeven\homedrive6$\1801006\github\wffc-edit\woffcedit\debug\wofedit.tlog\link-mt.read.1.tlog
\\stuhomeeven\homedrive6$\1801006\github\wffc-edit\woffcedit\debug\wofedit.tlog\link-mt.write.1.tlog
\\stuhomeeven\homedrive6$\1801006\github\wffc-edit\woffcedit\debug\wofedit.tlog\link-rc.read.1.tlog
\\stuhomeeven\homedrive6$\1801006\github\wffc-edit\woffcedit\debug\wofedit.tlog\link-rc.write.1.tlog
\\stuhomeeven\homedrive6$\1801006\github\wffc-edit\woffcedit\debug\wofedit.tlog\link.1284-cvtres.read.1.tlog
\\stuhomeeven\homedrive6$\1801006\github\wffc-edit\woffcedit\debug\wofedit.tlog\link.1284-cvtres.write.1.tlog
\\stuhomeeven\homedrive6$\1801006\github\wffc-edit\woffcedit\debug\wofedit.tlog\link.1284-mt.read.1.tlog
\\stuhomeeven\homedrive6$\1801006\github\wffc-edit\woffcedit\debug\wofedit.tlog\link.1284-mt.write.1.tlog
\\stuhomeeven\homedrive6$\1801006\github\wffc-edit\woffcedit\debug\wofedit.tlog\link.1284-rc.read.1.tlog
\\stuhomeeven\homedrive6$\1801006\github\wffc-edit\woffcedit\debug\wofedit.tlog\link.1284-rc.write.1.tlog
\\stuhomeeven\homedrive6$\1801006\github\wffc-edit\woffcedit\debug\wofedit.tlog\link.1284.read.1.tlog
\\stuhomeeven\homedrive6$\1801006\github\wffc-edit\woffcedit\debug\wofedit.tlog\link.1284.write.1.tlog
\\stuhomeeven\homedrive6$\1801006\github\wffc-edit\woffcedit\debug\wofedit.tlog\link.command.1.tlog
\\stuhomeeven\homedrive6$\1801006\github\wffc-edit\woffcedit\debug\wofedit.tlog\link.read.1.tlog
\\stuhomeeven\homedrive6$\1801006\github\wffc-edit\woffcedit\debug\wofedit.tlog\link.write.1.tlog
\\stuhomeeven\homedrive6$\1801006\github\wffc-edit\woffcedit\debug\wofedit.tlog\rc.command.1.tlog
\\stuhomeeven\homedrive6$\1801006\github\wffc-edit\woffcedit\debug\wofedit.tlog\rc.read.1.tlog
\\stuhomeeven\homedrive6$\1801006\github\wffc-edit\woffcedit\debug\wofedit.tlog\rc.write.1.tlog
